<?xml version="1.0" encoding="UTF-8"?>
<!-- Generated by org.testng.reporters.JUnitReportReporter -->
<testsuite hostname="DESKTOP-M7QUMCN" failures="0" tests="1" name="cucumberOptions.TestNgTestRunner" time="8.567" errors="0" timestamp="2022-12-11T22:55:42 CET" skipped="0">
  <testcase classname="cucumberOptions.TestNgTestRunner" name="runScenario" time="8.567"/>
  <system-out/>
</testsuite> <!-- cucumberOptions.TestNgTestRunner -->
